

***********************************************************************
Fatal NI connect error 12560, connecting to:
 (DESCRIPTION=(ADDRESS=(PROTOCOL=BEQ)(PROGRAM=oracle)(ARGV0=oracleORCL)(ARGS='(DESCRIPTION=(LOCAL=YES)(ADDRESS=(PROTOCOL=beq)))'))(CONNECT_DATA=(SID=ORCL)(CID=(PROGRAM=D:\LH_ON_DUTY_ALARMMAIL\LH_ON_DUTY_ALARMMAIL\LH_ON_DUTY_ALARMMAIL\bin\Debug\LH_ON_DUTY_ALARMMAIL.exe)(HOST=CNPC0198)(USER=twn030200))))

  VERSION INFORMATION:
	TNS for 32-bit Windows: Version 9.2.0.1.0 - Production
	Oracle Bequeath NT Protocol Adapter for 32-bit Windows: Version 9.2.0.1.0 - Production
  Time: 15-JUN-2010 11:40:11
  Tracing not turned on.
  Tns error struct:
    nr err code: 0
    ns main err code: 12560
    TNS-12560: TNS:protocol adapter error
    ns secondary err code: 0
    nt main err code: 530
    TNS-00530: Protocol adapter error
    nt secondary err code: 126
    nt OS err code: 0


***********************************************************************
Fatal NI connect error 12560, connecting to:
 (DESCRIPTION=(ADDRESS=(PROTOCOL=BEQ)(PROGRAM=oracle)(ARGV0=oracleORCL)(ARGS='(DESCRIPTION=(LOCAL=YES)(ADDRESS=(PROTOCOL=beq)))'))(CONNECT_DATA=(SID=ORCL)(CID=(PROGRAM=D:\LH_ON_DUTY_ALARMMAIL\LH_ON_DUTY_ALARMMAIL\LH_ON_DUTY_ALARMMAIL\bin\Debug\LH_ON_DUTY_ALARMMAIL.exe)(HOST=CNPC0198)(USER=twn030200))))

  VERSION INFORMATION:
	TNS for 32-bit Windows: Version 9.2.0.1.0 - Production
	Oracle Bequeath NT Protocol Adapter for 32-bit Windows: Version 9.2.0.1.0 - Production
  Time: 15-JUN-2010 11:40:16
  Tracing not turned on.
  Tns error struct:
    nr err code: 0
    ns main err code: 12560
    TNS-12560: TNS:protocol adapter error
    ns secondary err code: 0
    nt main err code: 530
    TNS-00530: Protocol adapter error
    nt secondary err code: 126
    nt OS err code: 0


***********************************************************************
Fatal NI connect error 12560, connecting to:
 (DESCRIPTION=(ADDRESS=(PROTOCOL=BEQ)(PROGRAM=oracle)(ARGV0=oracleORCL)(ARGS='(DESCRIPTION=(LOCAL=YES)(ADDRESS=(PROTOCOL=beq)))'))(CONNECT_DATA=(SID=ORCL)(CID=(PROGRAM=D:\LH_ON_DUTY_ALARMMAIL\LH_ON_DUTY_ALARMMAIL\LH_ON_DUTY_ALARMMAIL\bin\Debug\LH_ON_DUTY_ALARMMAIL.exe)(HOST=CNPC0198)(USER=twn030200))))

  VERSION INFORMATION:
	TNS for 32-bit Windows: Version 9.2.0.1.0 - Production
	Oracle Bequeath NT Protocol Adapter for 32-bit Windows: Version 9.2.0.1.0 - Production
  Time: 15-JUN-2010 11:40:47
  Tracing not turned on.
  Tns error struct:
    nr err code: 0
    ns main err code: 12560
    TNS-12560: TNS:protocol adapter error
    ns secondary err code: 0
    nt main err code: 530
    TNS-00530: Protocol adapter error
    nt secondary err code: 126
    nt OS err code: 0


***********************************************************************
Fatal NI connect error 12560, connecting to:
 (DESCRIPTION=(ADDRESS=(PROTOCOL=BEQ)(PROGRAM=oracle)(ARGV0=oracleORCL)(ARGS='(DESCRIPTION=(LOCAL=YES)(ADDRESS=(PROTOCOL=beq)))'))(CONNECT_DATA=(SID=ORCL)(CID=(PROGRAM=D:\LH_ON_DUTY_ALARMMAIL\LH_ON_DUTY_ALARMMAIL\LH_ON_DUTY_ALARMMAIL\bin\Debug\LH_ON_DUTY_ALARMMAIL.exe)(HOST=CNPC0198)(USER=twn030200))))

  VERSION INFORMATION:
	TNS for 32-bit Windows: Version 9.2.0.1.0 - Production
	Oracle Bequeath NT Protocol Adapter for 32-bit Windows: Version 9.2.0.1.0 - Production
  Time: 15-JUN-2010 11:43:00
  Tracing not turned on.
  Tns error struct:
    nr err code: 0
    ns main err code: 12560
    TNS-12560: TNS:protocol adapter error
    ns secondary err code: 0
    nt main err code: 530
    TNS-00530: Protocol adapter error
    nt secondary err code: 126
    nt OS err code: 0


***********************************************************************
Fatal NI connect error 12560, connecting to:
 (DESCRIPTION=(ADDRESS=(PROTOCOL=BEQ)(PROGRAM=oracle)(ARGV0=oracleORCL)(ARGS='(DESCRIPTION=(LOCAL=YES)(ADDRESS=(PROTOCOL=beq)))'))(CONNECT_DATA=(SID=ORCL)(CID=(PROGRAM=D:\LH_ON_DUTY_ALARMMAIL\LH_ON_DUTY_ALARMMAIL\LH_ON_DUTY_ALARMMAIL\bin\Debug\LH_ON_DUTY_ALARMMAIL.exe)(HOST=CNPC0198)(USER=twn030200))))

  VERSION INFORMATION:
	TNS for 32-bit Windows: Version 9.2.0.1.0 - Production
	Oracle Bequeath NT Protocol Adapter for 32-bit Windows: Version 9.2.0.1.0 - Production
  Time: 15-JUN-2010 13:26:31
  Tracing not turned on.
  Tns error struct:
    nr err code: 0
    ns main err code: 12560
    TNS-12560: TNS:protocol adapter error
    ns secondary err code: 0
    nt main err code: 530
    TNS-00530: Protocol adapter error
    nt secondary err code: 126
    nt OS err code: 0


***********************************************************************
Fatal NI connect error 12560, connecting to:
 (DESCRIPTION=(ADDRESS=(PROTOCOL=BEQ)(PROGRAM=oracle)(ARGV0=oracleORCL)(ARGS='(DESCRIPTION=(LOCAL=YES)(ADDRESS=(PROTOCOL=beq)))'))(CONNECT_DATA=(SID=ORCL)(CID=(PROGRAM=D:\LH_ON_DUTY_ALARMMAIL\LH_ON_DUTY_ALARMMAIL\LH_ON_DUTY_ALARMMAIL\bin\Debug\LH_ON_DUTY_ALARMMAIL.vshost.exe)(HOST=CNPC0198)(USER=twn030200))))

  VERSION INFORMATION:
	TNS for 32-bit Windows: Version 9.2.0.1.0 - Production
	Oracle Bequeath NT Protocol Adapter for 32-bit Windows: Version 9.2.0.1.0 - Production
  Time: 15-JUN-2010 13:29:21
  Tracing not turned on.
  Tns error struct:
    nr err code: 0
    ns main err code: 12560
    TNS-12560: TNS:protocol adapter error
    ns secondary err code: 0
    nt main err code: 530
    TNS-00530: Protocol adapter error
    nt secondary err code: 126
    nt OS err code: 0


***********************************************************************
Fatal NI connect error 12560, connecting to:
 (DESCRIPTION=(ADDRESS=(PROTOCOL=BEQ)(PROGRAM=oracle)(ARGV0=oracleORCL)(ARGS='(DESCRIPTION=(LOCAL=YES)(ADDRESS=(PROTOCOL=beq)))'))(CONNECT_DATA=(SID=ORCL)(CID=(PROGRAM=D:\CIM-SE-RPT-WEB\Onduty_dotnet\LH_ON_DUTY_ALARMMAIL\LH_ON_DUTY_ALARMMAIL\LH_ON_DUTY_ALARMMAIL\bin\Debug\LH_ON_DUTY_ALARMMAIL.exe)(HOST=T1CIMWEB01)(USER=Administrator))))

  VERSION INFORMATION:
	TNS for 32-bit Windows: Version 9.2.0.1.0 - Production
	Oracle Bequeath NT Protocol Adapter for 32-bit Windows: Version 9.2.0.1.0 - Production
  Time: 12-7月 -2010 16:42:26
  Tracing not turned on.
  Tns error struct:
    nr err code: 0
    ns main err code: 12560
    TNS-12560: TNS:協定介面程式錯誤
    ns secondary err code: 0
    nt main err code: 530
    TNS-00530: 協定介面程式錯誤
    nt secondary err code: 126
    nt OS err code: 0


***********************************************************************
Fatal NI connect error 12560, connecting to:
 (DESCRIPTION=(ADDRESS=(PROTOCOL=BEQ)(PROGRAM=oracle)(ARGV0=oracleORCL)(ARGS='(DESCRIPTION=(LOCAL=YES)(ADDRESS=(PROTOCOL=beq)))'))(CONNECT_DATA=(SID=ORCL)(CID=(PROGRAM=D:\CIM-SE-RPT-WEB\Onduty_dotnet\LH_ON_DUTY_ALARMMAIL\LH_ON_DUTY_ALARMMAIL\LH_ON_DUTY_ALARMMAIL\bin\Debug\LH_ON_DUTY_ALARMMAIL.vshost.exe)(HOST=T1CIMWEB01)(USER=Administrator))))

  VERSION INFORMATION:
	TNS for 32-bit Windows: Version 9.2.0.1.0 - Production
	Oracle Bequeath NT Protocol Adapter for 32-bit Windows: Version 9.2.0.1.0 - Production
  Time: 12-7月 -2010 16:42:39
  Tracing not turned on.
  Tns error struct:
    nr err code: 0
    ns main err code: 12560
    TNS-12560: TNS:協定介面程式錯誤
    ns secondary err code: 0
    nt main err code: 530
    TNS-00530: 協定介面程式錯誤
    nt secondary err code: 126
    nt OS err code: 0


***********************************************************************
Fatal NI connect error 12560, connecting to:
 (DESCRIPTION=(ADDRESS=(PROTOCOL=BEQ)(PROGRAM=oracle)(ARGV0=oracleORCL)(ARGS='(DESCRIPTION=(LOCAL=YES)(ADDRESS=(PROTOCOL=beq)))'))(CONNECT_DATA=(SID=ORCL)(CID=(PROGRAM=D:\CIM-SE-RPT-WEB\Onduty_dotnet\LH_ON_DUTY_ALARMMAIL\LH_ON_DUTY_ALARMMAIL\LH_ON_DUTY_ALARMMAIL\bin\Debug\LH_ON_DUTY_ALARMMAIL.vshost.exe)(HOST=T1CIMWEB01)(USER=Administrator))))

  VERSION INFORMATION:
	TNS for 32-bit Windows: Version 9.2.0.1.0 - Production
	Oracle Bequeath NT Protocol Adapter for 32-bit Windows: Version 9.2.0.1.0 - Production
  Time: 12-7月 -2010 16:44:11
  Tracing not turned on.
  Tns error struct:
    nr err code: 0
    ns main err code: 12560
    TNS-12560: TNS:協定介面程式錯誤
    ns secondary err code: 0
    nt main err code: 530
    TNS-00530: 協定介面程式錯誤
    nt secondary err code: 126
    nt OS err code: 0


***********************************************************************
Fatal NI connect error 12560, connecting to:
 (DESCRIPTION=(ADDRESS=(PROTOCOL=BEQ)(PROGRAM=oracle)(ARGV0=oracleORCL)(ARGS='(DESCRIPTION=(LOCAL=YES)(ADDRESS=(PROTOCOL=beq)))'))(CONNECT_DATA=(SID=ORCL)(CID=(PROGRAM=D:\CIM-SE-RPT-WEB\Onduty_dotnet\LH_ON_DUTY_ALARMMAIL\LH_ON_DUTY_ALARMMAIL\LH_ON_DUTY_ALARMMAIL\bin\Debug\LH_ON_DUTY_ALARMMAIL.exe)(HOST=T1CIMWEB01)(USER=Administrator))))

  VERSION INFORMATION:
	TNS for 32-bit Windows: Version 9.2.0.1.0 - Production
	Oracle Bequeath NT Protocol Adapter for 32-bit Windows: Version 9.2.0.1.0 - Production
  Time: 12-7月 -2010 16:44:37
  Tracing not turned on.
  Tns error struct:
    nr err code: 0
    ns main err code: 12560
    TNS-12560: TNS:協定介面程式錯誤
    ns secondary err code: 0
    nt main err code: 530
    TNS-00530: 協定介面程式錯誤
    nt secondary err code: 126
    nt OS err code: 0


***********************************************************************
Fatal NI connect error 12560, connecting to:
 (DESCRIPTION=(ADDRESS=(PROTOCOL=BEQ)(PROGRAM=oracle)(ARGV0=oracleORCL)(ARGS='(DESCRIPTION=(LOCAL=YES)(ADDRESS=(PROTOCOL=beq)))'))(CONNECT_DATA=(SID=ORCL)(CID=(PROGRAM=D:\CIM-SE-RPT-WEB\Onduty_dotnet\LH_ON_DUTY_ALARMMAIL\LH_ON_DUTY_ALARMMAIL\LH_ON_DUTY_ALARMMAIL\bin\Debug\LH_ON_DUTY_ALARMMAIL.vshost.exe)(HOST=T1CIMWEB01)(USER=Administrator))))

  VERSION INFORMATION:
	TNS for 32-bit Windows: Version 9.2.0.1.0 - Production
	Oracle Bequeath NT Protocol Adapter for 32-bit Windows: Version 9.2.0.1.0 - Production
  Time: 12-7月 -2010 16:49:07
  Tracing not turned on.
  Tns error struct:
    nr err code: 0
    ns main err code: 12560
    TNS-12560: TNS:協定介面程式錯誤
    ns secondary err code: 0
    nt main err code: 530
    TNS-00530: 協定介面程式錯誤
    nt secondary err code: 126
    nt OS err code: 0


***********************************************************************
Fatal NI connect error 12560, connecting to:
 (DESCRIPTION=(ADDRESS=(PROTOCOL=BEQ)(PROGRAM=oracle)(ARGV0=oracleORCL)(ARGS='(DESCRIPTION=(LOCAL=YES)(ADDRESS=(PROTOCOL=beq)))'))(CONNECT_DATA=(SID=ORCL)(CID=(PROGRAM=D:\CIM-SE-RPT-WEB\Onduty_dotnet\LH_ON_DUTY_ALARMMAIL\LH_ON_DUTY_ALARMMAIL\LH_ON_DUTY_ALARMMAIL\bin\Debug\LH_ON_DUTY_ALARMMAIL.exe)(HOST=T1CIMWEB01)(USER=Administrator))))

  VERSION INFORMATION:
	TNS for 32-bit Windows: Version 9.2.0.1.0 - Production
	Oracle Bequeath NT Protocol Adapter for 32-bit Windows: Version 9.2.0.1.0 - Production
  Time: 12-7月 -2010 16:50:35
  Tracing not turned on.
  Tns error struct:
    nr err code: 0
    ns main err code: 12560
    TNS-12560: TNS:協定介面程式錯誤
    ns secondary err code: 0
    nt main err code: 530
    TNS-00530: 協定介面程式錯誤
    nt secondary err code: 126
    nt OS err code: 0


***********************************************************************
Fatal NI connect error 12560, connecting to:
 (DESCRIPTION=(ADDRESS=(PROTOCOL=BEQ)(PROGRAM=oracle)(ARGV0=oracleORCL)(ARGS='(DESCRIPTION=(LOCAL=YES)(ADDRESS=(PROTOCOL=beq)))'))(CONNECT_DATA=(SID=ORCL)(CID=(PROGRAM=D:\CIM-SE-RPT-WEB\Onduty_dotnet\LH_ON_DUTY_ALARMMAIL\LH_ON_DUTY_ALARMMAIL\LH_ON_DUTY_ALARMMAIL\bin\Debug\LH_ON_DUTY_ALARMMAIL.exe)(HOST=T1CIMWEB01)(USER=Administrator))))

  VERSION INFORMATION:
	TNS for 32-bit Windows: Version 9.2.0.1.0 - Production
	Oracle Bequeath NT Protocol Adapter for 32-bit Windows: Version 9.2.0.1.0 - Production
  Time: 14-7月 -2010 14:42:34
  Tracing not turned on.
  Tns error struct:
    nr err code: 0
    ns main err code: 12560
    TNS-12560: TNS:協定介面程式錯誤
    ns secondary err code: 0
    nt main err code: 530
    TNS-00530: 協定介面程式錯誤
    nt secondary err code: 126
    nt OS err code: 0


***********************************************************************
Fatal NI connect error 12560, connecting to:
 (DESCRIPTION=(ADDRESS=(PROTOCOL=BEQ)(PROGRAM=oracle)(ARGV0=oracleORCL)(ARGS='(DESCRIPTION=(LOCAL=YES)(ADDRESS=(PROTOCOL=beq)))'))(CONNECT_DATA=(SID=ORCL)(CID=(PROGRAM=D:\CIM-SE-RPT-WEB\Onduty_dotnet\LH_ON_DUTY_ALARMMAIL\LH_ON_DUTY_ALARMMAIL\LH_ON_DUTY_ALARMMAIL\bin\Debug\LH_ON_DUTY_ALARMMAIL.exe)(HOST=T1CIMWEB01)(USER=Administrator))))

  VERSION INFORMATION:
	TNS for 32-bit Windows: Version 9.2.0.1.0 - Production
	Oracle Bequeath NT Protocol Adapter for 32-bit Windows: Version 9.2.0.1.0 - Production
  Time: 14-7月 -2010 14:42:35
  Tracing not turned on.
  Tns error struct:
    nr err code: 0
    ns main err code: 12560
    TNS-12560: TNS:協定介面程式錯誤
    ns secondary err code: 0
    nt main err code: 530
    TNS-00530: 協定介面程式錯誤
    nt secondary err code: 126
    nt OS err code: 0


***********************************************************************
Fatal NI connect error 12560, connecting to:
 (DESCRIPTION=(ADDRESS=(PROTOCOL=BEQ)(PROGRAM=oracle)(ARGV0=oracleORCL)(ARGS='(DESCRIPTION=(LOCAL=YES)(ADDRESS=(PROTOCOL=beq)))'))(CONNECT_DATA=(SID=ORCL)(CID=(PROGRAM=D:\CIM-SE-RPT-WEB\Onduty_dotnet\LH_ON_DUTY_ALARMMAIL\LH_ON_DUTY_ALARMMAIL\LH_ON_DUTY_ALARMMAIL\bin\Debug\LH_ON_DUTY_ALARMMAIL.exe)(HOST=T1CIMWEB01)(USER=Administrator))))

  VERSION INFORMATION:
	TNS for 32-bit Windows: Version 9.2.0.1.0 - Production
	Oracle Bequeath NT Protocol Adapter for 32-bit Windows: Version 9.2.0.1.0 - Production
  Time: 15-7月 -2010 09:18:10
  Tracing not turned on.
  Tns error struct:
    nr err code: 0
    ns main err code: 12560
    TNS-12560: TNS:協定介面程式錯誤
    ns secondary err code: 0
    nt main err code: 530
    TNS-00530: 協定介面程式錯誤
    nt secondary err code: 126
    nt OS err code: 0


***********************************************************************
Fatal NI connect error 12560, connecting to:
 (DESCRIPTION=(ADDRESS=(PROTOCOL=BEQ)(PROGRAM=oracle)(ARGV0=oracleORCL)(ARGS='(DESCRIPTION=(LOCAL=YES)(ADDRESS=(PROTOCOL=beq)))'))(CONNECT_DATA=(SID=ORCL)(CID=(PROGRAM=D:\CIM-SE-RPT-WEB\Onduty_dotnet\LH_ON_DUTY_ALARMMAIL\LH_ON_DUTY_ALARMMAIL\LH_ON_DUTY_ALARMMAIL\bin\Debug\LH_ON_DUTY_ALARMMAIL.exe)(HOST=T1CIMWEB01)(USER=Administrator))))

  VERSION INFORMATION:
	TNS for 32-bit Windows: Version 9.2.0.1.0 - Production
	Oracle Bequeath NT Protocol Adapter for 32-bit Windows: Version 9.2.0.1.0 - Production
  Time: 15-7月 -2010 15:47:24
  Tracing not turned on.
  Tns error struct:
    nr err code: 0
    ns main err code: 12560
    TNS-12560: TNS:協定介面程式錯誤
    ns secondary err code: 0
    nt main err code: 530
    TNS-00530: 協定介面程式錯誤
    nt secondary err code: 126
    nt OS err code: 0


***********************************************************************
Fatal NI connect error 12560, connecting to:
 (DESCRIPTION=(ADDRESS=(PROTOCOL=BEQ)(PROGRAM=oracle)(ARGV0=oracleORCL)(ARGS='(DESCRIPTION=(LOCAL=YES)(ADDRESS=(PROTOCOL=beq)))'))(CONNECT_DATA=(SID=ORCL)(CID=(PROGRAM=D:\CIM-SE-RPT-WEB\Onduty_dotnet\LH_ON_DUTY_ALARMMAIL\LH_ON_DUTY_ALARMMAIL\LH_ON_DUTY_ALARMMAIL\bin\Debug\LH_ON_DUTY_ALARMMAIL.exe)(HOST=T1CIMWEB01)(USER=Administrator))))

  VERSION INFORMATION:
	TNS for 32-bit Windows: Version 9.2.0.1.0 - Production
	Oracle Bequeath NT Protocol Adapter for 32-bit Windows: Version 9.2.0.1.0 - Production
  Time: 15-7月 -2010 15:50:38
  Tracing not turned on.
  Tns error struct:
    nr err code: 0
    ns main err code: 12560
    TNS-12560: TNS:協定介面程式錯誤
    ns secondary err code: 0
    nt main err code: 530
    TNS-00530: 協定介面程式錯誤
    nt secondary err code: 126
    nt OS err code: 0


***********************************************************************
Fatal NI connect error 12560, connecting to:
 (DESCRIPTION=(ADDRESS=(PROTOCOL=BEQ)(PROGRAM=oracle)(ARGV0=oracleORCL)(ARGS='(DESCRIPTION=(LOCAL=YES)(ADDRESS=(PROTOCOL=beq)))'))(CONNECT_DATA=(SID=ORCL)(CID=(PROGRAM=D:\CIM-SE-RPT-WEB\Onduty_dotnet\LH_ON_DUTY_ALARMMAIL\LH_ON_DUTY_ALARMMAIL\LH_ON_DUTY_ALARMMAIL\bin\Debug\LH_ON_DUTY_ALARMMAIL.exe)(HOST=T1CIMWEB01)(USER=Administrator))))

  VERSION INFORMATION:
	TNS for 32-bit Windows: Version 9.2.0.1.0 - Production
	Oracle Bequeath NT Protocol Adapter for 32-bit Windows: Version 9.2.0.1.0 - Production
  Time: 15-7月 -2010 15:50:54
  Tracing not turned on.
  Tns error struct:
    nr err code: 0
    ns main err code: 12560
    TNS-12560: TNS:協定介面程式錯誤
    ns secondary err code: 0
    nt main err code: 530
    TNS-00530: 協定介面程式錯誤
    nt secondary err code: 126
    nt OS err code: 0


***********************************************************************
Fatal NI connect error 12560, connecting to:
 (DESCRIPTION=(ADDRESS=(PROTOCOL=BEQ)(PROGRAM=oracle)(ARGV0=oracleORCL)(ARGS='(DESCRIPTION=(LOCAL=YES)(ADDRESS=(PROTOCOL=beq)))'))(CONNECT_DATA=(SID=ORCL)(CID=(PROGRAM=D:\CIM-SE-RPT-WEB\Onduty_dotnet\LH_ON_DUTY_ALARMMAIL\LH_ON_DUTY_ALARMMAIL\LH_ON_DUTY_ALARMMAIL\bin\Debug\LH_ON_DUTY_ALARMMAIL.exe)(HOST=T1CIMWEB01)(USER=Administrator))))

  VERSION INFORMATION:
	TNS for 32-bit Windows: Version 9.2.0.1.0 - Production
	Oracle Bequeath NT Protocol Adapter for 32-bit Windows: Version 9.2.0.1.0 - Production
  Time: 16-7月 -2010 15:55:24
  Tracing not turned on.
  Tns error struct:
    nr err code: 0
    ns main err code: 12560
    TNS-12560: TNS:協定介面程式錯誤
    ns secondary err code: 0
    nt main err code: 530
    TNS-00530: 協定介面程式錯誤
    nt secondary err code: 126
    nt OS err code: 0
